
Showing logs for build [32mcb-kubecd-bdd-nh-1574877265-pr-1[0m stage [32mfrom-build-pack[0m and container [32mstep-credential-initializer-lsw6l[0m
{"level":"warn","ts":1574879404.7972026,"logger":"fallback-logger","caller":"logging/config.go:69","msg":"Fetch GitHub commit ID from kodata failed: \"ref: refs/heads/master\" is not a valid GitHub commit ID"}
{"level":"info","ts":1574879404.7980103,"logger":"fallback-logger","caller":"creds-init/main.go:40","msg":"Credentials initialized."}

Showing logs for build [32mcb-kubecd-bdd-nh-1574877265-pr-1[0m stage [32mfrom-build-pack[0m and container [32mstep-working-dir-initializer-slchb[0m
{"level":"warn","ts":1574879405.678068,"logger":"fallback-logger","caller":"logging/config.go:69","msg":"Fetch GitHub commit ID from kodata failed: open /var/run/ko/HEAD: no such file or directory"}
{"level":"info","ts":1574879405.6797705,"logger":"fallback-logger","caller":"bash/main.go:65","msg":"Successfully executed command \"mkdir -p /workspace/source\""}

Showing logs for build [32mcb-kubecd-bdd-nh-1574877265-pr-1[0m stage [32mfrom-build-pack[0m and container [32mstep-place-tools[0m

Showing logs for build [32mcb-kubecd-bdd-nh-1574877265-pr-1[0m stage [32mfrom-build-pack[0m and container [32mstep-git-source-cb-kubecd-bdd-nh-1574877265-pr-7jgcv[0m
{"level":"warn","ts":1574879437.0743542,"logger":"fallback-logger","caller":"logging/config.go:69","msg":"Fetch GitHub commit ID from kodata failed: \"ref: refs/heads/master\" is not a valid GitHub commit ID"}
{"level":"info","ts":1574879438.249499,"logger":"fallback-logger","caller":"git/git.go:102","msg":"Successfully cloned https://github.com/cb-kubecd/bdd-nh-1574877265.git @ master in path /workspace/source"}

Showing logs for build [32mcb-kubecd-bdd-nh-1574877265-pr-1[0m stage [32mfrom-build-pack[0m and container [32mstep-git-merge[0m
Using SHAs from PULL_REFS=master:76de294ae2538d5e29bf7b453fd317a02153aacb,1:abe108e0740ada3cdfac74a2abae80ef5751dcce
DEBUG: ran git fetch --unshallow origin abe108e0740ada3cdfac74a2abae80ef5751dcce: 76de294ae2538d5e29bf7b453fd317a02153aacb: in 
DEBUG: ran git checkout master in 
DEBUG: ran git reset --hard 76de294ae2538d5e29bf7b453fd317a02153aacb in 
DEBUG: ran clean --force -d . in 
DEBUG: ran git merge abe108e0740ada3cdfac74a2abae80ef5751dcce in 
Merged SHA abe108e0740ada3cdfac74a2abae80ef5751dcce with commit message 'My first PR commit' into base branch master

Showing logs for build [32mcb-kubecd-bdd-nh-1574877265-pr-1[0m stage [32mfrom-build-pack[0m and container [32mstep-build-npmrc[0m
WARNING: failed to find Secret npm-token in namespace **

Showing logs for build [32mcb-kubecd-bdd-nh-1574877265-pr-1[0m stage [32mfrom-build-pack[0m and container [32mstep-build-npm-install[0m
npm notice created a lockfile as package-lock.json. You should commit this file.
npm WARN REPLACE_ME@1.0.0 No repository field.
npm WARN REPLACE_ME@1.0.0 No license field.

up to date in 0.408s
found 0 vulnerabilities


Showing logs for build [32mcb-kubecd-bdd-nh-1574877265-pr-1[0m stage [32mfrom-build-pack[0m and container [32mstep-build-npm-test[0m

> REPLACE_ME@1.0.0 test /workspace/source
> echo "no test specified" && exit 0

no test specified

Showing logs for build [32mcb-kubecd-bdd-nh-1574877265-pr-1[0m stage [32mfrom-build-pack[0m and container [32mstep-build-container-build[0m
[36mINFO[0m[0000] Downloading base image node:9-slim           
ERROR: logging before flag.Parse: E1127 18:30:44.221029       9 metadata.go:142] while reading 'google-dockercfg' metadata: http status code: 404 while fetching url http://metadata.google.internal./computeMetadata/v1/instance/attributes/google-dockercfg
ERROR: logging before flag.Parse: E1127 18:30:44.225741       9 metadata.go:159] while reading 'google-dockercfg-url' metadata: http status code: 404 while fetching url http://metadata.google.internal./computeMetadata/v1/instance/attributes/google-dockercfg-url
2019/11/27 18:30:44 No matching credentials were found, falling back on anonymous
[36mINFO[0m[0001] Error while retrieving image from cache: getting file info: stat /workspace/sha256:0e0175bbe4f8d9d104590d8d2c591017874e30977cb71aaff1cf6fa99479575c: no such file or directory 
[36mINFO[0m[0001] Downloading base image node:9-slim           
2019/11/27 18:30:45 No matching credentials were found, falling back on anonymous
[36mINFO[0m[0001] Executing 0 build triggers                   
[36mINFO[0m[0001] cmd: EXPOSE                                  
[36mINFO[0m[0001] Adding exposed port: 8080/tcp                
[36mINFO[0m[0001] Using files from context: [/workspace/source] 
[36mINFO[0m[0001] Skipping unpacking as no commands require it. 
[36mINFO[0m[0001] Taking snapshot of full filesystem...        
[36mINFO[0m[0001] ENV PORT 8080                                
[36mINFO[0m[0001] No files changed in this command, skipping snapshotting. 
[36mINFO[0m[0001] EXPOSE 8080                                  
[36mINFO[0m[0001] cmd: EXPOSE                                  
[36mINFO[0m[0001] Adding exposed port: 8080/tcp                
[36mINFO[0m[0001] No files changed in this command, skipping snapshotting. 
[36mINFO[0m[0001] WORKDIR /usr/src/app                         
[36mINFO[0m[0001] cmd: workdir                                 
[36mINFO[0m[0001] Changed working directory to /usr/src/app    
[36mINFO[0m[0001] Creating directory /usr/src/app              
[36mINFO[0m[0001] Taking snapshot of files...                  
[36mINFO[0m[0002] Using files from context: [/workspace/source] 
[36mINFO[0m[0002] COPY . .                                     
[36mINFO[0m[0002] Taking snapshot of files...                  
[36mINFO[0m[0002] CMD ["npm", "start"]                         
[36mINFO[0m[0002] No files changed in this command, skipping snapshotting. 
2019/11/27 18:30:46 existing blob: sha256:196b8e3c919d5639193ba6c6e54774528942041bbc37606631a2250502985c3c
2019/11/27 18:30:46 existing blob: sha256:5bba3ecb4cd6374a19da45f2a3db0a9c0804984358b3bb4b666c28944016e5ff
2019/11/27 18:30:46 existing blob: sha256:a88538b9cd05cfa611e43a25582a95ad7879f6fa708b0386a26b71ee62235bb3
2019/11/27 18:30:46 existing blob: sha256:7d083412657baa2dafba8d093034ef26f9ed2c90fb6ed95f76bb55aff03ed429
2019/11/27 18:30:46 existing blob: sha256:e01bd28a434b56ffd2a3fe9aa99b9b69aecca69904843edd30b1ee7150d79904
2019/11/27 18:30:50 pushed blob: sha256:d883133d2aefafdcc9c127a628774faec399e218cda8bb74d5b98b26ba53285c
2019/11/27 18:30:50 pushed blob: sha256:f7f1e7cde2c1deee6a2a793546bddeeb810bbed2255a614892671c450bfec1d9
2019/11/27 18:30:50 pushed blob: sha256:24e1beb6309429eef7ea6c84a249dd51fb341e652b73e4aa9edda1cb73a07c10
2019/11/27 18:30:52 gcr.io/jenkins-x-bdd3/bdd-nh-1574877265:0.0.0-SNAPSHOT-PR-1-1: digest: sha256:66c7ae879eae9b5ca5fdeb56d7012d34b71707ebef73c1cecb97808f14d0c9c5 size: 1404

Showing logs for build [32mcb-kubecd-bdd-nh-1574877265-pr-1[0m stage [32mfrom-build-pack[0m and container [32mstep-postbuild-post-build[0m
no CVE provider running in the current ** namespace so skip adding image to be analysed

Showing logs for build [32mcb-kubecd-bdd-nh-1574877265-pr-1[0m stage [32mfrom-build-pack[0m and container [32mstep-promote-make-preview[0m
sed -i -e "s/version:.*/version: 0.0.0-SNAPSHOT-PR-1-1/" Chart.yaml
sed -i -e "s/version:.*/version: 0.0.0-SNAPSHOT-PR-1-1/" ../*/Chart.yaml
sed -i -e "s|repository:.*|repository: gcr.io\/jenkins-x-bdd3\/bdd-nh-1574877265|" values.yaml
sed -i -e "s/tag:.*/tag: 0.0.0-SNAPSHOT-PR-1-1/" values.yaml
echo "  version: 0.0.0-SNAPSHOT-PR-1-1" >> requirements.yaml
** step helm build
WARNING: No $CHART_REPOSITORY defined so using the default value of: http://jenkins-x-chartmuseum:8080
Adding missing Helm repo: storage.googleapis.com https://storage.googleapis.com/chartmuseum.jenkins-x.io
Read credentials for https://storage.googleapis.com/chartmuseum.jenkins-x.io from vault helm/repos
Successfully added Helm repository storage.googleapis.com.
Adding missing Helm repo: jenkins-x-chartmuseum http://jenkins-x-chartmuseum:8080
Read credentials for http://jenkins-x-chartmuseum:8080 from vault helm/repos
Successfully added Helm repository jenkins-x-chartmuseum.
WARNING: No $CHART_REPOSITORY defined so using the default value of: http://jenkins-x-chartmuseum:8080
Adding missing Helm repo: chartmuseum.jenkins-x.io http://chartmuseum.jenkins-x.io
Read credentials for http://chartmuseum.jenkins-x.io from vault helm/repos
Successfully added Helm repository chartmuseum.jenkins-x.io.

Showing logs for build [32mcb-kubecd-bdd-nh-1574877265-pr-1[0m stage [32mfrom-build-pack[0m and container [32mstep-promote-jx-preview[0m
Creating a preview
Created environment cb-kubecd-bdd-nh-1574877265-pr-1
Namespace **-cb-kubecd-bdd-nh-1574877265-pr-1 created 
expose:
  Annotations:
    helm.sh/hook: post-install,post-upgrade
    helm.sh/hook-delete-policy: hook-succeeded
  config:
    domain: 35.187.10.185.nip.io
    exposer: Ingress
    http: "true"
preview:
  image:
    repository: gcr.io/jenkins-x-bdd3/bdd-nh-1574877265
    tag: 0.0.0-SNAPSHOT-PR-1-1


Updating PipelineActivities cb-kubecd-bdd-nh-1574877265-pr-1-1 which has status Running
WARNING: preview application http://bdd-nh-1574877265.**-cb-kubecd-bdd-nh-1574877265-pr-1.35.187.10.185.nip.io not available, error was 503 503 Service Temporarily Unavailable, delaying for: 1.426986804s
WARNING: preview application http://bdd-nh-1574877265.**-cb-kubecd-bdd-nh-1574877265-pr-1.35.187.10.185.nip.io not available, error was 503 503 Service Temporarily Unavailable, delaying for: 1.786258247s
WARNING: preview application http://bdd-nh-1574877265.**-cb-kubecd-bdd-nh-1574877265-pr-1.35.187.10.185.nip.io not available, error was 503 503 Service Temporarily Unavailable, delaying for: 2.586351286s
Preview application is now available at: http://bdd-nh-1574877265.**-cb-kubecd-bdd-nh-1574877265-pr-1.35.187.10.185.nip.io
